CRITICAL - 2025-03-18 06:58:09 --> CodeIgniter\View\Exceptions\ViewException: Invalid file: "welcome_message.php"
[Method: GET, Route: /]
in SYSTEMPATH\Exceptions\FrameworkException.php on line 39.
 1 SYSTEMPATH\View\View.php(212): CodeIgniter\Exceptions\FrameworkException::forInvalidFile('welcome_message.php')
 2 SYSTEMPATH\Common.php(1173): CodeIgniter\View\View->render('welcome_message', [], true)
 3 APPPATH\Controllers\Home.php(9): view('welcome_message')
 4 SYSTEMPATH\CodeIgniter.php(933): App\Controllers\Home->index()
 5 SYSTEMPATH\CodeIgniter.php(507): CodeIgniter\CodeIgniter->runController(Object(App\Controllers\Home))
 6 SYSTEMPATH\CodeIgniter.php(354): CodeIgniter\CodeIgniter->handleRequest(null, Object(Config\Cache), false)
 7 SYSTEMPATH\Boot.php(334): CodeIgniter\CodeIgniter->run()
 8 SYSTEMPATH\Boot.php(67): CodeIgniter\Boot::runCodeIgniter(Object(CodeIgniter\CodeIgniter))
 9 FCPATH\index.php(56): CodeIgniter\Boot::bootWeb(Object(Config\Paths))
10 SYSTEMPATH\rewrite.php(44): require_once('C:\\xampp\\htdocs\\LhikeERP\\public\\index.php')
CRITICAL - 2025-03-18 06:58:43 --> TypeError: preg_match(): Argument #2 ($subject) must be of type string, bool given
[Method: POST, Route: contact/sendEmail]
in SYSTEMPATH\Email\Email.php on line 481.
 1 SYSTEMPATH\Email\Email.php(481): preg_match('/\\<(.*)\\>/', false, null)
 2 APPPATH\Controllers\Contact.php(18): CodeIgniter\Email\Email->setFrom(false, false)
 3 SYSTEMPATH\CodeIgniter.php(933): App\Controllers\Contact->sendEmail()
 4 SYSTEMPATH\CodeIgniter.php(507): CodeIgniter\CodeIgniter->runController(Object(App\Controllers\Contact))
 5 SYSTEMPATH\CodeIgniter.php(354): CodeIgniter\CodeIgniter->handleRequest(null, Object(Config\Cache), false)
 6 SYSTEMPATH\Boot.php(334): CodeIgniter\CodeIgniter->run()
 7 SYSTEMPATH\Boot.php(67): CodeIgniter\Boot::runCodeIgniter(Object(CodeIgniter\CodeIgniter))
 8 FCPATH\index.php(56): CodeIgniter\Boot::bootWeb(Object(Config\Paths))
 9 SYSTEMPATH\rewrite.php(44): require_once('C:\\xampp\\htdocs\\LhikeERP\\public\\index.php')
CRITICAL - 2025-03-18 07:03:22 --> CodeIgniter\View\Exceptions\ViewException: Invalid file: "welcome_message.php"
[Method: GET, Route: /]
in SYSTEMPATH\Exceptions\FrameworkException.php on line 39.
 1 SYSTEMPATH\View\View.php(212): CodeIgniter\Exceptions\FrameworkException::forInvalidFile('welcome_message.php')
 2 SYSTEMPATH\Common.php(1173): CodeIgniter\View\View->render('welcome_message', [], true)
 3 APPPATH\Controllers\Home.php(9): view('welcome_message')
 4 SYSTEMPATH\CodeIgniter.php(933): App\Controllers\Home->index()
 5 SYSTEMPATH\CodeIgniter.php(507): CodeIgniter\CodeIgniter->runController(Object(App\Controllers\Home))
 6 SYSTEMPATH\CodeIgniter.php(354): CodeIgniter\CodeIgniter->handleRequest(null, Object(Config\Cache), false)
 7 SYSTEMPATH\Boot.php(334): CodeIgniter\CodeIgniter->run()
 8 SYSTEMPATH\Boot.php(67): CodeIgniter\Boot::runCodeIgniter(Object(CodeIgniter\CodeIgniter))
 9 FCPATH\index.php(56): CodeIgniter\Boot::bootWeb(Object(Config\Paths))
10 SYSTEMPATH\rewrite.php(44): require_once('C:\\xampp\\htdocs\\LhikeERP\\public\\index.php')
CRITICAL - 2025-03-18 07:03:34 --> TypeError: preg_match(): Argument #2 ($subject) must be of type string, bool given
[Method: POST, Route: contact/sendEmail]
in SYSTEMPATH\Email\Email.php on line 481.
 1 SYSTEMPATH\Email\Email.php(481): preg_match('/\\<(.*)\\>/', false, null)
 2 APPPATH\Controllers\Contact.php(29): CodeIgniter\Email\Email->setFrom(false, false)
 3 SYSTEMPATH\CodeIgniter.php(933): App\Controllers\Contact->sendEmail()
 4 SYSTEMPATH\CodeIgniter.php(507): CodeIgniter\CodeIgniter->runController(Object(App\Controllers\Contact))
 5 SYSTEMPATH\CodeIgniter.php(354): CodeIgniter\CodeIgniter->handleRequest(null, Object(Config\Cache), false)
 6 SYSTEMPATH\Boot.php(334): CodeIgniter\CodeIgniter->run()
 7 SYSTEMPATH\Boot.php(67): CodeIgniter\Boot::runCodeIgniter(Object(CodeIgniter\CodeIgniter))
 8 FCPATH\index.php(56): CodeIgniter\Boot::bootWeb(Object(Config\Paths))
 9 SYSTEMPATH\rewrite.php(44): require_once('C:\\xampp\\htdocs\\LhikeERP\\public\\index.php')
ERROR - 2025-03-18 07:16:52 --> Email: sendWithMail throwed ErrorException: mail(): Failed to connect to mailserver at &quot;localhost&quot; port 25, verify your &quot;SMTP&quot; and &quot;smtp_port&quot; setting in php.ini or use ini_set() in C:\xampp\htdocs\LhikeERP\vendor\codeigniter4\framework\system\Email\Email.php:1764
Stack trace:
#0 [internal function]: CodeIgniter\Debug\Exceptions->errorHandler(2, 'mail(): Failed ...', 'C:\\xampp\\htdocs...', 1764)
#1 C:\xampp\htdocs\LhikeERP\vendor\codeigniter4\framework\system\Email\Email.php(1764): mail('recipient@examp...', '=?UTF-8?Q?New=2...', '\r\n            <...', 'Date: Tue, 18 M...', '-f default@exam...')
#2 C:\xampp\htdocs\LhikeERP\vendor\codeigniter4\framework\system\Email\Email.php(1696): CodeIgniter\Email\Email->sendWithMail()
#3 C:\xampp\htdocs\LhikeERP\vendor\codeigniter4\framework\system\Email\Email.php(1591): CodeIgniter\Email\Email->spoolEmail()
#4 C:\xampp\htdocs\LhikeERP\app\Controllers\Contact.php(38): CodeIgniter\Email\Email->send()
#5 C:\xampp\htdocs\LhikeERP\vendor\codeigniter4\framework\system\CodeIgniter.php(933): App\Controllers\Contact->sendEmail()
#6 C:\xampp\htdocs\LhikeERP\vendor\codeigniter4\framework\system\CodeIgniter.php(507): CodeIgniter\CodeIgniter->runController(Object(App\Controllers\Contact))
#7 C:\xampp\htdocs\LhikeERP\vendor\codeigniter4\framework\system\CodeIgniter.php(354): CodeIgniter\CodeIgniter->handleRequest(NULL, Object(Config\Cache), false)
#8 C:\xampp\htdocs\LhikeERP\vendor\codeigniter4\framework\system\Boot.php(334): CodeIgniter\CodeIgniter->run()
#9 C:\xampp\htdocs\LhikeERP\vendor\codeigniter4\framework\system\Boot.php(67): CodeIgniter\Boot::runCodeIgniter(Object(CodeIgniter\CodeIgniter))
#10 C:\xampp\htdocs\LhikeERP\public\index.php(56): CodeIgniter\Boot::bootWeb(Object(Config\Paths))
#11 C:\xampp\htdocs\LhikeERP\vendor\codeigniter4\framework\system\rewrite.php(44): require_once('C:\\xampp\\htdocs...')
#12 {main}
ERROR - 2025-03-18 07:16:52 --> Email: Unable to send email using PHP mail(). Your server might not be configured to send mail using this method.
ERROR - 2025-03-18 07:16:52 --> 
