CRITICAL - 2025-03-15 02:44:06 --> CodeIgniter\View\Exceptions\ViewException: Invalid file: "welcome_message.php"
[Method: GET, Route: /]
in SYSTEMPATH\Exceptions\FrameworkException.php on line 39.
 1 SYSTEMPATH\View\View.php(212): CodeIgniter\Exceptions\FrameworkException::forInvalidFile('welcome_message.php')
 2 SYSTEMPATH\Common.php(1173): CodeIgniter\View\View->render('welcome_message', [], true)
 3 APPPATH\Controllers\Home.php(9): view('welcome_message')
 4 SYSTEMPATH\CodeIgniter.php(933): App\Controllers\Home->index()
 5 SYSTEMPATH\CodeIgniter.php(507): CodeIgniter\CodeIgniter->runController(Object(App\Controllers\Home))
 6 SYSTEMPATH\CodeIgniter.php(354): CodeIgniter\CodeIgniter->handleRequest(null, Object(Config\Cache), false)
 7 SYSTEMPATH\Boot.php(334): CodeIgniter\CodeIgniter->run()
 8 SYSTEMPATH\Boot.php(67): CodeIgniter\Boot::runCodeIgniter(Object(CodeIgniter\CodeIgniter))
 9 FCPATH\index.php(56): CodeIgniter\Boot::bootWeb(Object(Config\Paths))
10 SYSTEMPATH\rewrite.php(44): require_once('C:\\Users\\Maxximus Ayson\\OneDrive\\Desktop\\LhikeERP\\public\\index.php')
ERROR - 2025-03-15 08:15:57 --> mysqli_sql_exception: Cannot add or update a child row: a foreign key constraint fails (`lhike`.`selectedmodules`, CONSTRAINT `selectedmodules_module_id_foreign` FOREIGN KEY (`module_id`) REFERENCES `modules` (`module_id`) ON DELETE CASCADE ON UPDATE CASCADE) in C:\Users\Maxximus Ayson\OneDrive\Desktop\LhikeERP\vendor\codeigniter4\framework\system\Database\MySQLi\Connection.php:327
Stack trace:
#0 C:\Users\Maxximus Ayson\OneDrive\Desktop\LhikeERP\vendor\codeigniter4\framework\system\Database\MySQLi\Connection.php(327): mysqli->query('INSERT INTO `se...', 0)
#1 C:\Users\Maxximus Ayson\OneDrive\Desktop\LhikeERP\vendor\codeigniter4\framework\system\Database\BaseConnection.php(738): CodeIgniter\Database\MySQLi\Connection->execute('INSERT INTO `se...')
#2 C:\Users\Maxximus Ayson\OneDrive\Desktop\LhikeERP\vendor\codeigniter4\framework\system\Database\BaseConnection.php(652): CodeIgniter\Database\BaseConnection->simpleQuery('INSERT INTO `se...')
#3 C:\Users\Maxximus Ayson\OneDrive\Desktop\LhikeERP\vendor\codeigniter4\framework\system\Database\BaseBuilder.php(1841): CodeIgniter\Database\BaseConnection->query('INSERT INTO `se...', NULL, false)
#4 C:\Users\Maxximus Ayson\OneDrive\Desktop\LhikeERP\vendor\codeigniter4\framework\system\Database\BaseBuilder.php(2230): CodeIgniter\Database\BaseBuilder->batchExecute('_insertBatch', 100)
#5 C:\Users\Maxximus Ayson\OneDrive\Desktop\LhikeERP\app\Database\Seeds\SelectedModulesSeeder.php(400): CodeIgniter\Database\BaseBuilder->insertBatch(Array)
#6 C:\Users\Maxximus Ayson\OneDrive\Desktop\LhikeERP\vendor\codeigniter4\framework\system\Database\Seeder.php(147): App\Database\Seeds\SelectedModulesSeeder->run()
#7 C:\Users\Maxximus Ayson\OneDrive\Desktop\LhikeERP\vendor\codeigniter4\framework\system\Commands\Database\Seed.php(79): CodeIgniter\Database\Seeder->call('App\\Database\\Se...')
#8 C:\Users\Maxximus Ayson\OneDrive\Desktop\LhikeERP\vendor\codeigniter4\framework\system\CLI\Commands.php(70): CodeIgniter\Commands\Database\Seed->run(Array)
#9 C:\Users\Maxximus Ayson\OneDrive\Desktop\LhikeERP\vendor\codeigniter4\framework\system\CLI\Console.php(48): CodeIgniter\CLI\Commands->run('db:seed', Array)
#10 C:\Users\Maxximus Ayson\OneDrive\Desktop\LhikeERP\vendor\codeigniter4\framework\system\Boot.php(360): CodeIgniter\CLI\Console->run()
#11 C:\Users\Maxximus Ayson\OneDrive\Desktop\LhikeERP\vendor\codeigniter4\framework\system\Boot.php(104): CodeIgniter\Boot::runCommand(Object(CodeIgniter\CLI\Console))
#12 C:\Users\Maxximus Ayson\OneDrive\Desktop\LhikeERP\spark(84): CodeIgniter\Boot::bootSpark(Object(Config\Paths))
#13 {main}
ERROR - 2025-03-15 08:16:22 --> mysqli_sql_exception: Cannot add or update a child row: a foreign key constraint fails (`lhike`.`selectedmodules`, CONSTRAINT `selectedmodules_module_id_foreign` FOREIGN KEY (`module_id`) REFERENCES `modules` (`module_id`) ON DELETE CASCADE ON UPDATE CASCADE) in C:\Users\Maxximus Ayson\OneDrive\Desktop\LhikeERP\vendor\codeigniter4\framework\system\Database\MySQLi\Connection.php:327
Stack trace:
#0 C:\Users\Maxximus Ayson\OneDrive\Desktop\LhikeERP\vendor\codeigniter4\framework\system\Database\MySQLi\Connection.php(327): mysqli->query('INSERT INTO `se...', 0)
#1 C:\Users\Maxximus Ayson\OneDrive\Desktop\LhikeERP\vendor\codeigniter4\framework\system\Database\BaseConnection.php(738): CodeIgniter\Database\MySQLi\Connection->execute('INSERT INTO `se...')
#2 C:\Users\Maxximus Ayson\OneDrive\Desktop\LhikeERP\vendor\codeigniter4\framework\system\Database\BaseConnection.php(652): CodeIgniter\Database\BaseConnection->simpleQuery('INSERT INTO `se...')
#3 C:\Users\Maxximus Ayson\OneDrive\Desktop\LhikeERP\vendor\codeigniter4\framework\system\Database\BaseBuilder.php(1841): CodeIgniter\Database\BaseConnection->query('INSERT INTO `se...', NULL, false)
#4 C:\Users\Maxximus Ayson\OneDrive\Desktop\LhikeERP\vendor\codeigniter4\framework\system\Database\BaseBuilder.php(2230): CodeIgniter\Database\BaseBuilder->batchExecute('_insertBatch', 100)
#5 C:\Users\Maxximus Ayson\OneDrive\Desktop\LhikeERP\app\Database\Seeds\SelectedModulesSeeder.php(400): CodeIgniter\Database\BaseBuilder->insertBatch(Array)
#6 C:\Users\Maxximus Ayson\OneDrive\Desktop\LhikeERP\vendor\codeigniter4\framework\system\Database\Seeder.php(147): App\Database\Seeds\SelectedModulesSeeder->run()
#7 C:\Users\Maxximus Ayson\OneDrive\Desktop\LhikeERP\vendor\codeigniter4\framework\system\Commands\Database\Seed.php(79): CodeIgniter\Database\Seeder->call('App\\Database\\Se...')
#8 C:\Users\Maxximus Ayson\OneDrive\Desktop\LhikeERP\vendor\codeigniter4\framework\system\CLI\Commands.php(70): CodeIgniter\Commands\Database\Seed->run(Array)
#9 C:\Users\Maxximus Ayson\OneDrive\Desktop\LhikeERP\vendor\codeigniter4\framework\system\CLI\Console.php(48): CodeIgniter\CLI\Commands->run('db:seed', Array)
#10 C:\Users\Maxximus Ayson\OneDrive\Desktop\LhikeERP\vendor\codeigniter4\framework\system\Boot.php(360): CodeIgniter\CLI\Console->run()
#11 C:\Users\Maxximus Ayson\OneDrive\Desktop\LhikeERP\vendor\codeigniter4\framework\system\Boot.php(104): CodeIgniter\Boot::runCommand(Object(CodeIgniter\CLI\Console))
#12 C:\Users\Maxximus Ayson\OneDrive\Desktop\LhikeERP\spark(84): CodeIgniter\Boot::bootSpark(Object(Config\Paths))
#13 {main}
ERROR - 2025-03-15 08:20:10 --> mysqli_sql_exception: Cannot add or update a child row: a foreign key constraint fails (`lhike`.`selectedmodules`, CONSTRAINT `selectedmodules_module_id_foreign` FOREIGN KEY (`module_id`) REFERENCES `modules` (`module_id`) ON DELETE CASCADE ON UPDATE CASCADE) in C:\Users\Maxximus Ayson\OneDrive\Desktop\LhikeERP\vendor\codeigniter4\framework\system\Database\MySQLi\Connection.php:327
Stack trace:
#0 C:\Users\Maxximus Ayson\OneDrive\Desktop\LhikeERP\vendor\codeigniter4\framework\system\Database\MySQLi\Connection.php(327): mysqli->query('INSERT INTO `se...', 0)
#1 C:\Users\Maxximus Ayson\OneDrive\Desktop\LhikeERP\vendor\codeigniter4\framework\system\Database\BaseConnection.php(738): CodeIgniter\Database\MySQLi\Connection->execute('INSERT INTO `se...')
#2 C:\Users\Maxximus Ayson\OneDrive\Desktop\LhikeERP\vendor\codeigniter4\framework\system\Database\BaseConnection.php(652): CodeIgniter\Database\BaseConnection->simpleQuery('INSERT INTO `se...')
#3 C:\Users\Maxximus Ayson\OneDrive\Desktop\LhikeERP\vendor\codeigniter4\framework\system\Database\BaseBuilder.php(1841): CodeIgniter\Database\BaseConnection->query('INSERT INTO `se...', NULL, false)
#4 C:\Users\Maxximus Ayson\OneDrive\Desktop\LhikeERP\vendor\codeigniter4\framework\system\Database\BaseBuilder.php(2230): CodeIgniter\Database\BaseBuilder->batchExecute('_insertBatch', 100)
#5 C:\Users\Maxximus Ayson\OneDrive\Desktop\LhikeERP\app\Database\Seeds\SelectedModulesSeeder.php(400): CodeIgniter\Database\BaseBuilder->insertBatch(Array)
#6 C:\Users\Maxximus Ayson\OneDrive\Desktop\LhikeERP\vendor\codeigniter4\framework\system\Database\Seeder.php(147): App\Database\Seeds\SelectedModulesSeeder->run()
#7 C:\Users\Maxximus Ayson\OneDrive\Desktop\LhikeERP\vendor\codeigniter4\framework\system\Commands\Database\Seed.php(79): CodeIgniter\Database\Seeder->call('App\\Database\\Se...')
#8 C:\Users\Maxximus Ayson\OneDrive\Desktop\LhikeERP\vendor\codeigniter4\framework\system\CLI\Commands.php(70): CodeIgniter\Commands\Database\Seed->run(Array)
#9 C:\Users\Maxximus Ayson\OneDrive\Desktop\LhikeERP\vendor\codeigniter4\framework\system\CLI\Console.php(48): CodeIgniter\CLI\Commands->run('db:seed', Array)
#10 C:\Users\Maxximus Ayson\OneDrive\Desktop\LhikeERP\vendor\codeigniter4\framework\system\Boot.php(360): CodeIgniter\CLI\Console->run()
#11 C:\Users\Maxximus Ayson\OneDrive\Desktop\LhikeERP\vendor\codeigniter4\framework\system\Boot.php(104): CodeIgniter\Boot::runCommand(Object(CodeIgniter\CLI\Console))
#12 C:\Users\Maxximus Ayson\OneDrive\Desktop\LhikeERP\spark(84): CodeIgniter\Boot::bootSpark(Object(Config\Paths))
#13 {main}
CRITICAL - 2025-03-15 13:46:31 --> CodeIgniter\View\Exceptions\ViewException: Invalid file: "welcome_message.php"
[Method: GET, Route: /]
in SYSTEMPATH\Exceptions\FrameworkException.php on line 39.
 1 SYSTEMPATH\View\View.php(212): CodeIgniter\Exceptions\FrameworkException::forInvalidFile('welcome_message.php')
 2 SYSTEMPATH\Common.php(1173): CodeIgniter\View\View->render('welcome_message', [], true)
 3 APPPATH\Controllers\Home.php(9): view('welcome_message')
 4 SYSTEMPATH\CodeIgniter.php(933): App\Controllers\Home->index()
 5 SYSTEMPATH\CodeIgniter.php(507): CodeIgniter\CodeIgniter->runController(Object(App\Controllers\Home))
 6 SYSTEMPATH\CodeIgniter.php(354): CodeIgniter\CodeIgniter->handleRequest(null, Object(Config\Cache), false)
 7 SYSTEMPATH\Boot.php(334): CodeIgniter\CodeIgniter->run()
 8 SYSTEMPATH\Boot.php(67): CodeIgniter\Boot::runCodeIgniter(Object(CodeIgniter\CodeIgniter))
 9 FCPATH\index.php(56): CodeIgniter\Boot::bootWeb(Object(Config\Paths))
10 SYSTEMPATH\rewrite.php(44): require_once('C:\\Users\\Maxximus Ayson\\OneDrive\\Desktop\\LhikeERP\\public\\index.php')
CRITICAL - 2025-03-15 13:46:41 --> CodeIgniter\View\Exceptions\ViewException: Invalid file: "welcome_message.php"
[Method: GET, Route: /]
in SYSTEMPATH\Exceptions\FrameworkException.php on line 39.
 1 SYSTEMPATH\View\View.php(212): CodeIgniter\Exceptions\FrameworkException::forInvalidFile('welcome_message.php')
 2 SYSTEMPATH\Common.php(1173): CodeIgniter\View\View->render('welcome_message', [], true)
 3 APPPATH\Controllers\Home.php(9): view('welcome_message')
 4 SYSTEMPATH\CodeIgniter.php(933): App\Controllers\Home->index()
 5 SYSTEMPATH\CodeIgniter.php(507): CodeIgniter\CodeIgniter->runController(Object(App\Controllers\Home))
 6 SYSTEMPATH\CodeIgniter.php(354): CodeIgniter\CodeIgniter->handleRequest(null, Object(Config\Cache), false)
 7 SYSTEMPATH\Boot.php(334): CodeIgniter\CodeIgniter->run()
 8 SYSTEMPATH\Boot.php(67): CodeIgniter\Boot::runCodeIgniter(Object(CodeIgniter\CodeIgniter))
 9 FCPATH\index.php(56): CodeIgniter\Boot::bootWeb(Object(Config\Paths))
10 SYSTEMPATH\rewrite.php(44): require_once('C:\\Users\\Maxximus Ayson\\OneDrive\\Desktop\\LhikeERP\\public\\index.php')
